C:\Temp\NETUSB\Netusb24L01G\NetUsbDemo4VC6\.\Release\NetUSB 24L01 demo.exe.intermediate.manifest
C:\Temp\NETUSB\Netusb24L01G\NetUsbDemo4VC6\Release\BscMake.command.1.tlog
C:\Temp\NETUSB\Netusb24L01G\NetUsbDemo4VC6\Release\bscmake.read.1.tlog
C:\Temp\NETUSB\Netusb24L01G\NetUsbDemo4VC6\Release\bscmake.write.1.tlog
C:\Temp\NETUSB\Netusb24L01G\NetUsbDemo4VC6\Release\cl.command.1.tlog
C:\Temp\NETUSB\Netusb24L01G\NetUsbDemo4VC6\Release\CL.read.1.tlog
C:\Temp\NETUSB\Netusb24L01G\NetUsbDemo4VC6\Release\CL.write.1.tlog
C:\Temp\NETUSB\Netusb24L01G\NetUsbDemo4VC6\Release\link.command.1.tlog
C:\Temp\NETUSB\Netusb24L01G\NetUsbDemo4VC6\Release\link.read.1.tlog
C:\Temp\NETUSB\Netusb24L01G\NetUsbDemo4VC6\Release\link.write.1.tlog
C:\Temp\NETUSB\Netusb24L01G\NetUsbDemo4VC6\Release\link-cvtres.read.1.tlog
C:\Temp\NETUSB\Netusb24L01G\NetUsbDemo4VC6\Release\link-cvtres.write.1.tlog
C:\Temp\NETUSB\Netusb24L01G\NetUsbDemo4VC6\Release\mt.command.1.tlog
C:\Temp\NETUSB\Netusb24L01G\NetUsbDemo4VC6\Release\mt.read.1.tlog
C:\Temp\NETUSB\Netusb24L01G\NetUsbDemo4VC6\Release\mt.write.1.tlog
C:\TEMP\NETUSB\NETUSB24L01G\NETUSBDEMO4VC6\RELEASE\NETUSB 24L01 DEMO.EXE.INTERMEDIATE.MANIFEST
C:\TEMP\NETUSB\NETUSB24L01G\NETUSBDEMO4VC6\RELEASE\NETUSBDEMO4VC6.BSC
C:\TEMP\NETUSB\NETUSB24L01G\NETUSBDEMO4VC6\RELEASE\NETUSBDEMO4VC6.EXE
C:\TEMP\NETUSB\NETUSB24L01G\NETUSBDEMO4VC6\RELEASE\NETUSBDEMO4VC6.OBJ
C:\TEMP\NETUSB\NETUSB24L01G\NETUSBDEMO4VC6\RELEASE\NETUSBDEMO4VC6.PCH
C:\TEMP\NETUSB\NETUSB24L01G\NETUSBDEMO4VC6\RELEASE\NETUSBDEMO4VC6.RES
C:\TEMP\NETUSB\NETUSB24L01G\NETUSBDEMO4VC6\RELEASE\NETUSBDEMO4VC6.SBR
C:\TEMP\NETUSB\NETUSB24L01G\NETUSBDEMO4VC6\RELEASE\NETUSBDEMO4VC6DLG.OBJ
C:\TEMP\NETUSB\NETUSB24L01G\NETUSBDEMO4VC6\RELEASE\NETUSBDEMO4VC6DLG.SBR
C:\Temp\NETUSB\Netusb24L01G\NetUsbDemo4VC6\Release\rc.command.1.tlog
C:\Temp\NETUSB\Netusb24L01G\NetUsbDemo4VC6\Release\rc.read.1.tlog
C:\Temp\NETUSB\Netusb24L01G\NetUsbDemo4VC6\Release\rc.write.1.tlog
C:\TEMP\NETUSB\NETUSB24L01G\NETUSBDEMO4VC6\RELEASE\STDAFX.OBJ
C:\TEMP\NETUSB\NETUSB24L01G\NETUSBDEMO4VC6\RELEASE\STDAFX.SBR
C:\TEMP\NETUSB\NETUSB24L01G\NETUSBDEMO4VC6\RELEASE\VC100.PDB
